#
# A fatal error has been detected by the Java Runtime Environment:
#
#  Internal Error (safepoint.cpp:919), pid=18544, tid=86787
#  fatal error: Illegal threadstate encountered: 4
#
# JRE version: OpenJDK Runtime Environment Corretto-11.0.12.7.2 (11.0.12+7) (build 11.0.12+7-LTS)
# Java VM: OpenJDK 64-Bit Server VM Corretto-11.0.12.7.2 (11.0.12+7-LTS, mixed mode, tiered, compressed oops, g1 gc, bsd-amd64)
# No core dump will be written. Core dumps have been disabled. To enable core dumping, try "ulimit -c unlimited" before starting Java again
#
# If you would like to submit a bug report, please visit:
#   https://github.com/corretto/corretto-11/issues/
# The crash happened outside the Java Virtual Machine in native code.
# See problematic frame for where to report the bug.
#

---------------  S U M M A R Y ------------

Command Line: -Dfile.encoding=UTF-8 -Duser.country=CA -Duser.language=en -Duser.variant --module-path=/Users/gregsherman/Desktop/TextGameEngine/build/libs/TextGameEngine-1.0-SNAPSHOT.jar:/Users/gregsherman/Desktop/TextGameEngine/build/classes/java/main:/Users/gregsherman/.gradle/caches/modules-2/files-2.1/org.openjfx/javafx-fxml/17/54026a476bb95426e2e159bcf25bbf0832d2b7bf/javafx-fxml-17-mac.jar:/Users/gregsherman/.gradle/caches/modules-2/files-2.1/org.openjfx/javafx-controls/17/e73acf695ffccb4f904ff7b76de8999eefb547c2/javafx-controls-17-mac.jar:/Users/gregsherman/.gradle/caches/modules-2/files-2.1/org.openjfx/javafx-graphics/17/8b1d1124ce83e874db390016913fba7708f3592d/javafx-graphics-17-mac.jar:/Users/gregsherman/.gradle/caches/modules-2/files-2.1/org.openjfx/javafx-base/17/61d52392b063be78f7cc1b0fbfc04dda7a835a15/javafx-base-17-mac.jar:/Users/gregsherman/.gradle/caches/modules-2/files-2.1/org.apache.jena/jena-arq/4.2.0/60332dc3aac602745cb110622359318b6889ea07/jena-arq-4.2.0.jar:/Users/gregsherman/.gradle/caches/modules-2/files-2.1/org.apache.jena/jena-core/4.2.0/3f895f851c57491531e175d0af7b0055f4bd56d5/jena-core-4.2.0.jar:/Users/gregsherman/.gradle/caches/modules-2/files-2.1/org.apache.jena/jena-base/4.2.0/32bb47ad5c365fa43352ee2fd9763f0b0fab3da2/jena-base-4.2.0.jar:/Users/gregsherman/.gradle/caches/modules-2/files-2.1/org.apache.jena/jena-iri/4.2.0/c96831bffcb9279ddf881631e588d07f44cea512/jena-iri-4.2.0.jar:/Users/gregsherman/.gradle/caches/modules-2/files-2.1/org.apache.httpcomponents/httpclient-cache/4.5.13/4abee263cbc9edc12393212ca3a7c89af0755b1f/httpclient-cache-4.5.13.jar:/Users/gregsherman/.gradle/caches/modules-2/files-2.1/org.apache.thrift/libthrift/0.14.2/1dbe56c3123801f954cf8f1fd5b2f533bee459e4/libthrift-0.14.2.jar:/Users/gregsherman/.gradle/caches/modules-2/files-2.1/org.apache.httpcomponents/httpclient/4.5.13/e5f6cae5ca7ecaac1ec2827a9e2d65ae2869cada/httpclient-4.5.13.jar:/Users/gregsherman/.gradle/caches/modules-2/files-2.1/org.glassfish/jakarta.json/2.0.1/da6c75e591cf2a89ddc479cbdbd8fe5f41d3efc9/jakarta.json-2.0.1.jar:/Users/gregsherman-Djdk.module.main=TextGameEngine.main TextGameEngine.main/client.Main

Host: MacBookPro18,1 x86_64 2400 MHz, 10 cores, 16G, Darwin 21.1.0
Time: Sun Dec  5 17:31:08 2021 EST elapsed time: 15.172335 seconds (0d 0h 0m 15s)

---------------  T H R E A D  ---------------

Current thread (0x00007fe62e104800):  JavaThread "InvokeLaterDispatcher" daemon [_thread_in_native, id=86787, stack(0x000000030ec5e000,0x000000030ed5e000)]

Stack: [0x000000030ec5e000,0x000000030ed5e000],  sp=0x000000030ed5c2f0,  free space=1016k
Native frames: (J=compiled Java code, A=aot compiled Java code, j=interpreted, Vv=VM code, C=native code)
V  [libjvm.dylib+0x79e336]  _ZN7VMError14report_and_dieEiPKcS1_P13__va_list_tagP6ThreadPhPvS7_S1_im+0x652
V  [libjvm.dylib+0x79ea29]  _ZN7VMError14report_and_dieEP6ThreadPvPKciS4_S4_P13__va_list_tag+0x3f
V  [libjvm.dylib+0x27203f]  _Z12report_fatalPKciS0_z+0xb5
V  [libjvm.dylib+0x67a88d]  _ZN20SafepointSynchronize5blockEP10JavaThread+0x1d1
V  [libjvm.dylib+0x758c61]  _ZN10JavaThread44check_safepoint_and_suspend_for_native_transEPS_+0xab
V  [libjvm.dylib+0x1d3881]  _ZN20ThreadInVMfromNativeC1EP10JavaThread+0x6d
V  [libjvm.dylib+0x3ec9ff]  jni_DeleteGlobalRef+0x3e
C  [libglass.dylib+0x82e8]  -[GlassRunnable dealloc]+0x28
C  [Foundation+0x8210b]  -[_NSThreadPerformInfo dealloc]+0x2a
C  [Foundation+0x4edc7]  -[NSObject(NSThreadPerformAdditions) performSelectorOnMainThread:withObject:waitUntilDone:]+0x7c
J 5232  com.sun.glass.ui.mac.MacApplication._submitForLaterInvocation(Ljava/lang/Runnable;)V javafx.graphics (0 bytes) @ 0x000000012056b10c [0x000000012056b040+0x00000000000000cc]
J 5231 c1 com.sun.glass.ui.mac.MacApplication.submitForLaterInvocation(Ljava/lang/Runnable;)V javafx.graphics (6 bytes) @ 0x00000001198eb534 [0x00000001198eb4c0+0x0000000000000074]
j  com.sun.glass.ui.InvokeLaterDispatcher.run()V+82 javafx.graphics
v  ~StubRoutines::call_stub
V  [libjvm.dylib+0x3af3a8]  _ZN9JavaCalls11call_helperEP9JavaValueRK12methodHandleP17JavaCallArgumentsP6Thread+0x274
V  [libjvm.dylib+0x3ae7b3]  _ZN9JavaCalls12call_virtualEP9JavaValueP5KlassP6SymbolS5_P17JavaCallArgumentsP6Thread+0xe9
V  [libjvm.dylib+0x3ae86e]  _ZN9JavaCalls12call_virtualEP9JavaValue6HandleP5KlassP6SymbolS6_P6Thread+0x62
V  [libjvm.dylib+0x42ef6e]  _ZL12thread_entryP10JavaThreadP6Thread+0x78
V  [libjvm.dylib+0x75776c]  _ZN10JavaThread17thread_main_innerEv+0x82
V  [libjvm.dylib+0x7575be]  _ZN10JavaThread3runEv+0x178
V  [libjvm.dylib+0x7554d8]  _ZN6Thread8call_runEv+0x68
V  [libjvm.dylib+0x60a753]  _ZL19thread_native_entryP6Thread+0x12d
C  [libsystem_pthread.dylib+0x6514]  _pthread_start+0x7d
C  [libsystem_pthread.dylib+0x202f]  thread_start+0xf

Java frames: (J=compiled Java code, j=interpreted, Vv=VM code)
J 5232  com.sun.glass.ui.mac.MacApplication._submitForLaterInvocation(Ljava/lang/Runnable;)V javafx.graphics (0 bytes) @ 0x000000012056b09c [0x000000012056b040+0x000000000000005c]
J 5231 c1 com.sun.glass.ui.mac.MacApplication.submitForLaterInvocation(Ljava/lang/Runnable;)V javafx.graphics (6 bytes) @ 0x00000001198eb534 [0x00000001198eb4c0+0x0000000000000074]
j  com.sun.glass.ui.InvokeLaterDispatcher.run()V+82 javafx.graphics
v  ~StubRoutines::call_stub

---------------  P R O C E S S  ---------------

Threads class SMR info:
_java_thread_list=0x00006000018217c0, length=19, elements={
0x00007fe62d016800, 0x00007fe62d15e000, 0x00007fe62e00c800, 0x00007fe62c81b800,
0x00007fe61c80a800, 0x00007fe62c812000, 0x00007fe62e011800, 0x00007fe62d154800,
0x00007fe62e044800, 0x00007fe62e049800, 0x00007fe62e04a800, 0x00007fe62e104800,
0x00007fe5dd008800, 0x00007fe62cfce800, 0x00007fe62e3f3000, 0x00007fe5cd671800,
0x00007fe5cd6b1000, 0x00007fe62e412800, 0x00007fe61c857800
}

Java Threads: ( => current thread )
  0x00007fe62d016800 JavaThread "main" [_thread_blocked, id=9219, stack(0x000000030d918000,0x000000030da18000)]
  0x00007fe62d15e000 JavaThread "Reference Handler" daemon [_thread_blocked, id=15875, stack(0x000000030e02d000,0x000000030e12d000)]
  0x00007fe62e00c800 JavaThread "Finalizer" daemon [_thread_blocked, id=16643, stack(0x000000030e130000,0x000000030e230000)]
  0x00007fe62c81b800 JavaThread "Signal Dispatcher" daemon [_thread_blocked, id=24067, stack(0x000000030e343000,0x000000030e443000)]
  0x00007fe61c80a800 JavaThread "Service Thread" daemon [_thread_blocked, id=41219, stack(0x000000030e446000,0x000000030e546000)]
  0x00007fe62c812000 JavaThread "C2 CompilerThread0" daemon [_thread_blocked, id=24323, stack(0x000000030e549000,0x000000030e649000)]
  0x00007fe62e011800 JavaThread "C1 CompilerThread0" daemon [_thread_blocked, id=40451, stack(0x000000030e64c000,0x000000030e74c000)]
  0x00007fe62d154800 JavaThread "Sweeper thread" daemon [_thread_blocked, id=39939, stack(0x000000030e74f000,0x000000030e84f000)]
  0x00007fe62e044800 JavaThread "Common-Cleaner" daemon [_thread_blocked, id=26115, stack(0x000000030e852000,0x000000030e952000)]
  0x00007fe62e049800 JavaThread "JavaFX-Launcher" [_thread_blocked, id=37891, stack(0x000000030ea58000,0x000000030eb58000)]
  0x00007fe62e04a800 JavaThread "QuantumRenderer-0" daemon [_thread_blocked, id=36867, stack(0x000000030eb5b000,0x000000030ec5b000)]
=>0x00007fe62e104800 JavaThread "InvokeLaterDispatcher" daemon [_thread_in_native, id=86787, stack(0x000000030ec5e000,0x000000030ed5e000)]
  0x00007fe5dd008800 JavaThread "JavaFX Application Thread" [_thread_in_native_trans, id=259, stack(0x000000030d095000,0x000000030d895000)]
  0x00007fe62cfce800 JavaThread "Keep-Alive-Timer" daemon [_thread_blocked, id=63239, stack(0x000000030f581000,0x000000030f681000)]
  0x00007fe62e3f3000 JavaThread "Prism Font Disposer" daemon [_thread_blocked, id=63755, stack(0x000000030f684000,0x000000030f784000)]
  0x00007fe5cd671800 JavaThread "Cleaner-0" daemon [_thread_blocked, id=91403, stack(0x000000030f787000,0x000000030f887000)]
  0x00007fe5cd6b1000 JavaThread "Java2D Queue Flusher" daemon [_thread_blocked, id=92931, stack(0x000000030fa23000,0x000000030fb23000)]
  0x00007fe62e412800 JavaThread "Java2D Disposer" daemon [_thread_blocked, id=94979, stack(0x000000030fb26000,0x000000030fc26000)]
  0x00007fe61c857800 JavaThread "PulseTimer-CVDisplayLink thread" daemon [_thread_in_native, id=91095, stack(0x000000030f270000,0x000000030f2f0000)]

Other Threads:
  0x00007fe62d156000 VMThread "VM Thread" [stack: 0x000000030df2a000,0x000000030e02a000] [id=15363]
  0x00007fe62d226800 WatcherThread [stack: 0x000000030e955000,0x000000030ea55000] [id=38675]
  0x00007fe62d017800 GCTaskThread "GC Thread#0" [stack: 0x000000030da1b000,0x000000030db1b000] [id=18691]
  0x00007fe62d43a000 GCTaskThread "GC Thread#1" [stack: 0x000000030ed61000,0x000000030ee61000] [id=44051]
  0x00007fe62d43b000 GCTaskThread "GC Thread#2" [stack: 0x000000030ee64000,0x000000030ef64000] [id=85763]
  0x00007fe62d43b800 GCTaskThread "GC Thread#3" [stack: 0x000000030ef67000,0x000000030f067000] [id=85507]
  0x00007fe62cac6000 GCTaskThread "GC Thread#4" [stack: 0x000000030f06a000,0x000000030f16a000] [id=44547]
  0x00007fe62ccd1800 GCTaskThread "GC Thread#5" [stack: 0x000000030f16d000,0x000000030f26d000] [id=84739]
  0x00007fe62d057000 ConcurrentGCThread "G1 Main Marker" [stack: 0x000000030db1e000,0x000000030dc1e000] [id=12547]
  0x00007fe62d057800 ConcurrentGCThread "G1 Conc#0" [stack: 0x000000030dc21000,0x000000030dd21000] [id=13571]
  0x00007fe62e3f1800 ConcurrentGCThread "G1 Conc#1" [stack: 0x000000030f47e000,0x000000030f57e000] [id=67427]
  0x00007fe62d0fc800 ConcurrentGCThread "G1 Refine#0" [stack: 0x000000030dd24000,0x000000030de24000] [id=18179]
  0x00007fe62d0fd000 ConcurrentGCThread "G1 Young RemSet Sampling" [stack: 0x000000030de27000,0x000000030df27000] [id=17923]

Threads with active compile tasks:

VM state:not at safepoint (normal execution)

VM Mutex/Monitor currently owned by a thread: None

Heap address: 0x0000000700000000, size: 4096 MB, Compressed Oops mode: Zero based, Oop shift amount: 3
Narrow klass base: 0x0000000800000000, Narrow klass shift: 0
Compressed class space size: 1073741824 Address: 0x0000000800000000

Heap:
 garbage-first heap   total 81920K, used 21351K [0x0000000700000000, 0x0000000800000000)
  region size 1024K, 1 young (1024K), 0 survivors (0K)
 Metaspace       used 41107K, capacity 42389K, committed 42672K, reserved 1085440K
  class space    used 5237K, capacity 5803K, committed 5888K, reserved 1048576K
Heap Regions: E=young(eden), S=young(survivor), O=old, HS=humongous(starts), HC=humongous(continues), CS=collection set, F=free, A=archive, TAMS=top-at-mark-start (previous, next)
|   0|0x0000000700000000, 0x00000007000ffff0, 0x0000000700100000| 99%| O|  |TAMS 0x0000000700000000, 0x0000000700000000| Untracked 
|   1|0x0000000700100000, 0x00000007001ffff0, 0x0000000700200000| 99%| O|  |TAMS 0x0000000700100000, 0x0000000700100000| Untracked 
|   2|0x0000000700200000, 0x00000007002ffeb8, 0x0000000700300000| 99%| O|  |TAMS 0x0000000700200000, 0x0000000700200000| Untracked 
|   3|0x0000000700300000, 0x00000007003f2f98, 0x0000000700400000| 94%| O|  |TAMS 0x0000000700300000, 0x0000000700300000| Untracked 
|   4|0x0000000700400000, 0x00000007004ffff0, 0x0000000700500000| 99%| O|  |TAMS 0x0000000700400000, 0x0000000700400000| Untracked 
|   5|0x0000000700500000, 0x0000000700600000, 0x0000000700600000|100%| O|  |TAMS 0x0000000700500000, 0x0000000700500000| Untracked 
|   6|0x0000000700600000, 0x00000007006fffe8, 0x0000000700700000| 99%| O|  |TAMS 0x0000000700600000, 0x0000000700600000| Untracked 
|   7|0x0000000700700000, 0x00000007007fe198, 0x0000000700800000| 99%| O|  |TAMS 0x0000000700700000, 0x0000000700700000| Untracked 
|   8|0x0000000700800000, 0x0000000700900000, 0x0000000700900000|100%| O|  |TAMS 0x0000000700800000, 0x0000000700800000| Untracked 
|   9|0x0000000700900000, 0x00000007009ffff0, 0x0000000700a00000| 99%| O|  |TAMS 0x0000000700900000, 0x0000000700900000| Untracked 
|  10|0x0000000700a00000, 0x0000000700afe998, 0x0000000700b00000| 99%| O|  |TAMS 0x0000000700a00000, 0x0000000700a00000| Untracked 
|  11|0x0000000700b00000, 0x0000000700bfffe8, 0x0000000700c00000| 99%| O|  |TAMS 0x0000000700b00000, 0x0000000700b00000| Untracked 
|  12|0x0000000700c00000, 0x0000000700d00000, 0x0000000700d00000|100%| O|  |TAMS 0x0000000700c00000, 0x0000000700c00000| Untracked 
|  13|0x0000000700d00000, 0x0000000700dffff0, 0x0000000700e00000| 99%| O|  |TAMS 0x0000000700d00000, 0x0000000700d00000| Untracked 
|  14|0x0000000700e00000, 0x0000000700effff0, 0x0000000700f00000| 99%| O|  |TAMS 0x0000000700e00000, 0x0000000700e00000| Untracked 
|  15|0x0000000700f00000, 0x0000000700f4c900, 0x0000000701000000| 29%| O|  |TAMS 0x0000000700f00000, 0x0000000700f00000| Untracked 
|  16|0x0000000701000000, 0x0000000701000000, 0x0000000701100000|  0%| F|  |TAMS 0x0000000701000000, 0x0000000701000000| Untracked 
|  17|0x0000000701100000, 0x0000000701100000, 0x0000000701200000|  0%| F|  |TAMS 0x0000000701100000, 0x0000000701100000| Untracked 
|  18|0x0000000701200000, 0x0000000701200000, 0x0000000701300000|  0%| F|  |TAMS 0x0000000701200000, 0x0000000701200000| Untracked 
|  19|0x0000000701300000, 0x0000000701400000, 0x0000000701400000|100%|HS|  |TAMS 0x0000000701300000, 0x0000000701300000| Untracked 
|  20|0x0000000701400000, 0x0000000701500000, 0x0000000701500000|100%|HC|  |TAMS 0x0000000701400000, 0x0000000701400000| Untracked 
|  21|0x0000000701500000, 0x0000000701600000, 0x0000000701600000|100%|HC|  |TAMS 0x0000000701500000, 0x0000000701500000| Untracked 
|  22|0x0000000701600000, 0x0000000701600000, 0x0000000701700000|  0%| F|  |TAMS 0x0000000701600000, 0x0000000701600000| Untracked 
|  23|0x0000000701700000, 0x0000000701700000, 0x0000000701800000|  0%| F|  |TAMS 0x0000000701700000, 0x0000000701700000| Untracked 
|  24|0x0000000701800000, 0x0000000701800000, 0x0000000701900000|  0%| F|  |TAMS 0x0000000701800000, 0x0000000701800000| Untracked 
|  25|0x0000000701900000, 0x0000000701900000, 0x0000000701a00000|  0%| F|  |TAMS 0x0000000701900000, 0x0000000701900000| Untracked 
|  26|0x0000000701a00000, 0x0000000701a00000, 0x0000000701b00000|  0%| F|  |TAMS 0x0000000701a00000, 0x0000000701a00000| Untracked 
|  27|0x0000000701b00000, 0x0000000701b00000, 0x0000000701c00000|  0%| F|  |TAMS 0x0000000701b00000, 0x0000000701b00000| Untracked 
|  28|0x0000000701c00000, 0x0000000701c00000, 0x0000000701d00000|  0%| F|  |TAMS 0x0000000701c00000, 0x0000000701c00000| Untracked 
|  29|0x0000000701d00000, 0x0000000701d00000, 0x0000000701e00000|  0%| F|  |TAMS 0x0000000701d00000, 0x0000000701d00000| Untracked 
|  30|0x0000000701e00000, 0x0000000701e00000, 0x0000000701f00000|  0%| F|  |TAMS 0x0000000701e00000, 0x0000000701e00000| Untracked 
|  31|0x0000000701f00000, 0x0000000701f00000, 0x0000000702000000|  0%| F|  |TAMS 0x0000000701f00000, 0x0000000701f00000| Untracked 
|  32|0x0000000702000000, 0x0000000702000000, 0x0000000702100000|  0%| F|  |TAMS 0x0000000702000000, 0x0000000702000000| Untracked 
|  33|0x0000000702100000, 0x0000000702100000, 0x0000000702200000|  0%| F|  |TAMS 0x0000000702100000, 0x0000000702100000| Untracked 
|  34|0x0000000702200000, 0x0000000702200000, 0x0000000702300000|  0%| F|  |TAMS 0x0000000702200000, 0x0000000702200000| Untracked 
|  35|0x0000000702300000, 0x0000000702300000, 0x0000000702400000|  0%| F|  |TAMS 0x0000000702300000, 0x0000000702300000| Untracked 
|  36|0x0000000702400000, 0x000000070241a4e0, 0x0000000702500000| 10%| O|  |TAMS 0x0000000702400000, 0x0000000702400000| Untracked 
|  37|0x0000000702500000, 0x0000000702500000, 0x0000000702600000|  0%| F|  |TAMS 0x0000000702500000, 0x0000000702500000| Untracked 
|  38|0x0000000702600000, 0x0000000702600000, 0x0000000702700000|  0%| F|  |TAMS 0x0000000702600000, 0x0000000702600000| Untracked 
|  39|0x0000000702700000, 0x0000000702700000, 0x0000000702800000|  0%| F|  |TAMS 0x0000000702700000, 0x0000000702700000| Untracked 
|  40|0x0000000702800000, 0x0000000702800000, 0x0000000702900000|  0%| F|  |TAMS 0x0000000702800000, 0x0000000702800000| Untracked 
|  41|0x0000000702900000, 0x0000000702900000, 0x0000000702a00000|  0%| F|  |TAMS 0x0000000702900000, 0x0000000702900000| Untracked 
|  42|0x0000000702a00000, 0x0000000702a00000, 0x0000000702b00000|  0%| F|  |TAMS 0x0000000702a00000, 0x0000000702a00000| Untracked 
|  43|0x0000000702b00000, 0x0000000702b00000, 0x0000000702c00000|  0%| F|  |TAMS 0x0000000702b00000, 0x0000000702b00000| Untracked 
|  44|0x0000000702c00000, 0x0000000702c00000, 0x0000000702d00000|  0%| F|  |TAMS 0x0000000702c00000, 0x0000000702c00000| Untracked 
|  45|0x0000000702d00000, 0x0000000702d00000, 0x0000000702e00000|  0%| F|  |TAMS 0x0000000702d00000, 0x0000000702d00000| Untracked 
|  46|0x0000000702e00000, 0x0000000702e00000, 0x0000000702f00000|  0%| F|  |TAMS 0x0000000702e00000, 0x0000000702e00000| Untracked 
|  47|0x0000000702f00000, 0x0000000702f00000, 0x0000000703000000|  0%| F|  |TAMS 0x0000000702f00000, 0x0000000702f00000| Untracked 
|  48|0x0000000703000000, 0x0000000703000000, 0x0000000703100000|  0%| F|  |TAMS 0x0000000703000000, 0x0000000703000000| Untracked 
|  49|0x0000000703100000, 0x0000000703100000, 0x0000000703200000|  0%| F|  |TAMS 0x0000000703100000, 0x0000000703100000| Untracked 
|  50|0x0000000703200000, 0x0000000703200000, 0x0000000703300000|  0%| F|  |TAMS 0x0000000703200000, 0x0000000703200000| Untracked 
|  51|0x0000000703300000, 0x0000000703300000, 0x0000000703400000|  0%| F|  |TAMS 0x0000000703300000, 0x0000000703300000| Untracked 
|  52|0x0000000703400000, 0x0000000703400000, 0x0000000703500000|  0%| F|  |TAMS 0x0000000703400000, 0x0000000703400000| Untracked 
|  53|0x0000000703500000, 0x0000000703500000, 0x0000000703600000|  0%| F|  |TAMS 0x0000000703500000, 0x0000000703500000| Untracked 
|  54|0x0000000703600000, 0x0000000703600000, 0x0000000703700000|  0%| F|  |TAMS 0x0000000703600000, 0x0000000703600000| Untracked 
|  55|0x0000000703700000, 0x0000000703700000, 0x0000000703800000|  0%| F|  |TAMS 0x0000000703700000, 0x0000000703700000| Untracked 
|  56|0x0000000703800000, 0x0000000703800000, 0x0000000703900000|  0%| F|  |TAMS 0x0000000703800000, 0x0000000703800000| Untracked 
|  57|0x0000000703900000, 0x0000000703900000, 0x0000000703a00000|  0%| F|  |TAMS 0x0000000703900000, 0x0000000703900000| Untracked 
|  58|0x0000000703a00000, 0x0000000703a00000, 0x0000000703b00000|  0%| F|  |TAMS 0x0000000703a00000, 0x0000000703a00000| Untracked 
|  59|0x0000000703b00000, 0x0000000703b00000, 0x0000000703c00000|  0%| F|  |TAMS 0x0000000703b00000, 0x0000000703b00000| Untracked 
|  60|0x0000000703c00000, 0x0000000703c00000, 0x0000000703d00000|  0%| F|  |TAMS 0x0000000703c00000, 0x0000000703c00000| Untracked 
|  61|0x0000000703d00000, 0x0000000703d00000, 0x0000000703e00000|  0%| F|  |TAMS 0x0000000703d00000, 0x0000000703d00000| Untracked 
|  62|0x0000000703e00000, 0x0000000703e00000, 0x0000000703f00000|  0%| F|  |TAMS 0x0000000703e00000, 0x0000000703e00000| Untracked 
|  63|0x0000000703f00000, 0x0000000703f00000, 0x0000000704000000|  0%| F|  |TAMS 0x0000000703f00000, 0x0000000703f00000| Untracked 
|  64|0x0000000704000000, 0x0000000704000000, 0x0000000704100000|  0%| F|  |TAMS 0x0000000704000000, 0x0000000704000000| Untracked 
|  65|0x0000000704100000, 0x0000000704100000, 0x0000000704200000|  0%| F|  |TAMS 0x0000000704100000, 0x0000000704100000| Untracked 
|  66|0x0000000704200000, 0x00000007042fffd8, 0x0000000704300000| 99%| O|  |TAMS 0x0000000704200000, 0x0000000704200000| Untracked 
|  67|0x0000000704300000, 0x0000000704300000, 0x0000000704400000|  0%| F|  |TAMS 0x0000000704300000, 0x0000000704300000| Untracked 
|  68|0x0000000704400000, 0x0000000704482930, 0x0000000704500000| 51%| O|  |TAMS 0x0000000704400000, 0x0000000704400000| Untracked 
|  69|0x0000000704500000, 0x0000000704500000, 0x0000000704600000|  0%| F|  |TAMS 0x0000000704500000, 0x0000000704500000| Untracked 
|  70|0x0000000704600000, 0x0000000704600000, 0x0000000704700000|  0%| F|  |TAMS 0x0000000704600000, 0x0000000704600000| Untracked 
|  71|0x0000000704700000, 0x0000000704700000, 0x0000000704800000|  0%| F|  |TAMS 0x0000000704700000, 0x0000000704700000| Untracked 
|  72|0x0000000704800000, 0x0000000704800000, 0x0000000704900000|  0%| F|  |TAMS 0x0000000704800000, 0x0000000704800000| Untracked 
|  73|0x0000000704900000, 0x0000000704900000, 0x0000000704a00000|  0%| F|  |TAMS 0x0000000704900000, 0x0000000704900000| Untracked 
|  74|0x0000000704a00000, 0x0000000704a00000, 0x0000000704b00000|  0%| F|  |TAMS 0x0000000704a00000, 0x0000000704a00000| Untracked 
|  75|0x0000000704b00000, 0x0000000704b00000, 0x0000000704c00000|  0%| F|  |TAMS 0x0000000704b00000, 0x0000000704b00000| Untracked 
|  76|0x0000000704c00000, 0x0000000704c00000, 0x0000000704d00000|  0%| F|  |TAMS 0x0000000704c00000, 0x0000000704c00000| Untracked 
|  77|0x0000000704d00000, 0x0000000704def338, 0x0000000704e00000| 93%| E|  |TAMS 0x0000000704d00000, 0x0000000704d00000| Complete 
| 157|0x0000000709d00000, 0x0000000709dffff8, 0x0000000709e00000| 99%| O|  |TAMS 0x0000000709d00000, 0x0000000709d00000| Untracked 
| 163|0x000000070a300000, 0x000000070a300fb0, 0x000000070a400000|  0%| O|  |TAMS 0x000000070a300000, 0x000000070a300000| Untracked 

Card table byte_map: [0x000000012781c000,0x000000012801c000] _byte_map_base: 0x000000012401c000

Marking Bits (Prev, Next): (CMBitMap*) 0x00007fe62d046218, (CMBitMap*) 0x00007fe62d046250
 Prev Bits: [0x000000012881c000, 0x000000012c81c000)
 Next Bits: [0x000000012c81c000, 0x000000013081c000)

Polling page: 0x0000000104b64000

Metaspace:

Usage:
  Non-class:     35.73 MB capacity,    35.03 MB ( 98%) used,   556.90 KB (  2%) free+waste,   159.25 KB ( <1%) overhead. 
      Class:      5.67 MB capacity,     5.11 MB ( 90%) used,   487.05 KB (  8%) free+waste,    78.38 KB (  1%) overhead. 
       Both:     41.40 MB capacity,    40.14 MB ( 97%) used,     1.02 MB (  2%) free+waste,   237.62 KB ( <1%) overhead. 

Virtual space:
  Non-class space:       36.00 MB reserved,      35.92 MB (>99%) committed 
      Class space:        1.00 GB reserved,       5.75 MB ( <1%) committed 
             Both:        1.04 GB reserved,      41.67 MB (  4%) committed 

Chunk freelists:
   Non-Class:  54.00 KB
       Class:  0 bytes
        Both:  54.00 KB

MaxMetaspaceSize: unlimited
CompressedClassSpaceSize: 1.00 GB
Initial GC threshold: 20.80 MB
Current GC threshold: 69.45 MB
CDS: off

CodeHeap 'non-profiled nmethods': size=120032Kb used=2854Kb max_used=2854Kb free=117177Kb
 bounds [0x00000001202e4000, 0x00000001205b4000, 0x000000012781c000]
CodeHeap 'profiled nmethods': size=120028Kb used=12458Kb max_used=12458Kb free=107569Kb
 bounds [0x0000000118dad000, 0x00000001199dd000, 0x00000001202e4000]
CodeHeap 'non-nmethods': size=5700Kb used=1539Kb max_used=1569Kb free=4160Kb
 bounds [0x000000011881c000, 0x0000000118a8c000, 0x0000000118dad000]
 total_blobs=6510 nmethods=5607 adapters=814
 compilation: enabled
              stopped_count=0, restarted_count=0
 full_count=0

Compilation events (20 events):
Event: 14.117 Thread 0x00007fe62c812000 5587       4       com.sun.javafx.css.BitSet::equals (117 bytes)
Event: 14.119 Thread 0x00007fe62c812000 nmethod 5587 0x00000001205ac510 code [0x00000001205ac6c0, 0x00000001205ac8b8]
Event: 14.119 Thread 0x00007fe62c812000 5606       4       com.sun.javafx.geom.Point2D::setLocation (11 bytes)
Event: 14.119 Thread 0x00007fe62c812000 nmethod 5606 0x00000001205acb10 code [0x00000001205acca0, 0x00000001205acd18]
Event: 14.119 Thread 0x00007fe62c812000 5597       4       javafx.collections.ListChangeBuilder::endChange (32 bytes)
Event: 14.119 Thread 0x00007fe62c812000 nmethod 5597 0x00000001205ace10 code [0x00000001205acfc0, 0x00000001205ad068]
Event: 14.134 Thread 0x00007fe62e011800 5613       3       java.util.concurrent.atomic.AtomicLong::addAndGet (14 bytes)
Event: 14.134 Thread 0x00007fe62e011800 nmethod 5613 0x00000001199d2c10 code [0x00000001199d2dc0, 0x00000001199d2ed0]
Event: 14.187 Thread 0x00007fe62e011800 5614       1       java.lang.Module::getName (5 bytes)
Event: 14.188 Thread 0x00007fe62e011800 nmethod 5614 0x00000001205ad110 code [0x00000001205ad2c0, 0x00000001205ad370]
Event: 14.188 Thread 0x00007fe62e011800 5615   !   3       java.nio.charset.CharsetEncoder::encode (285 bytes)
Event: 14.189 Thread 0x00007fe62e011800 nmethod 5615 0x00000001199d2f90 code [0x00000001199d32a0, 0x00000001199d45d0]
Event: 14.189 Thread 0x00007fe62e011800 5617       3       java.io.OutputStream::flush (1 bytes)
Event: 14.189 Thread 0x00007fe62e011800 nmethod 5617 0x00000001199d4c10 code [0x00000001199d4dc0, 0x00000001199d4eb0]
Event: 14.189 Thread 0x00007fe62e011800 5616       3       sun.nio.cs.UTF_8$Encoder::encodeLoop (28 bytes)
Event: 14.189 Thread 0x00007fe62e011800 nmethod 5616 0x00000001199d4f10 code [0x00000001199d5100, 0x00000001199d54f0]
Event: 14.558 Thread 0x00007fe62e011800 5618       3       javafx.animation.TranslateTransition::interpolate (85 bytes)
Event: 14.559 Thread 0x00007fe62e011800 nmethod 5618 0x00000001199d5690 code [0x00000001199d59e0, 0x00000001199d73f0]
Event: 14.908 Thread 0x00007fe62c812000 5619       4       java.util.concurrent.locks.AbstractQueuedSynchronizer::release (33 bytes)
Event: 14.915 Thread 0x00007fe62c812000 nmethod 5619 0x00000001205ad410 code [0x00000001205ad5e0, 0x00000001205ad8e8]

GC Heap History (10 events):
Event: 0.605 GC heap before
{Heap before GC invocations=0 (full 0):
 garbage-first heap   total 262144K, used 23552K [0x0000000700000000, 0x0000000800000000)
  region size 1024K, 24 young (24576K), 0 survivors (0K)
 Metaspace       used 9589K, capacity 9870K, committed 10112K, reserved 1058816K
  class space    used 954K, capacity 1061K, committed 1152K, reserved 1048576K
}
Event: 0.612 GC heap after
{Heap after GC invocations=1 (full 0):
 garbage-first heap   total 262144K, used 2005K [0x0000000700000000, 0x0000000800000000)
  region size 1024K, 2 young (2048K), 2 survivors (2048K)
 Metaspace       used 9589K, capacity 9870K, committed 10112K, reserved 1058816K
  class space    used 954K, capacity 1061K, committed 1152K, reserved 1048576K
}
Event: 1.679 GC heap before
{Heap before GC invocations=1 (full 0):
 garbage-first heap   total 262144K, used 38869K [0x0000000700000000, 0x0000000800000000)
  region size 1024K, 40 young (40960K), 2 survivors (2048K)
 Metaspace       used 20526K, capacity 21090K, committed 21296K, reserved 1069056K
  class space    used 2411K, capacity 2659K, committed 2688K, reserved 1048576K
}
Event: 1.694 GC heap after
{Heap after GC invocations=2 (full 0):
 garbage-first heap   total 262144K, used 8766K [0x0000000700000000, 0x0000000800000000)
  region size 1024K, 9 young (9216K), 9 survivors (9216K)
 Metaspace       used 20526K, capacity 21090K, committed 21296K, reserved 1069056K
  class space    used 2411K, capacity 2659K, committed 2688K, reserved 1048576K
}
Event: 8.787 GC heap before
{Heap before GC invocations=3 (full 0):
 garbage-first heap   total 262144K, used 55870K [0x0000000700000000, 0x0000000800000000)
  region size 1024K, 55 young (56320K), 9 survivors (9216K)
 Metaspace       used 34678K, capacity 35601K, committed 35888K, reserved 1081344K
  class space    used 4229K, capacity 4628K, committed 4736K, reserved 1048576K
}
Event: 8.819 GC heap after
{Heap after GC invocations=4 (full 0):
 garbage-first heap   total 262144K, used 15294K [0x0000000700000000, 0x0000000800000000)
  region size 1024K, 5 young (5120K), 5 survivors (5120K)
 Metaspace       used 34678K, capacity 35601K, committed 35888K, reserved 1081344K
  class space    used 4229K, capacity 4628K, committed 4736K, reserved 1048576K
}
Event: 14.047 GC heap before
{Heap before GC invocations=5 (full 0):
 garbage-first heap   total 262144K, used 72638K [0x0000000700000000, 0x0000000800000000)
  region size 1024K, 51 young (52224K), 5 survivors (5120K)
 Metaspace       used 41087K, capacity 42386K, committed 42672K, reserved 1085440K
  class space    used 5235K, capacity 5802K, committed 5888K, reserved 1048576K
}
Event: 14.104 GC heap after
{Heap after GC invocations=6 (full 1):
 garbage-first heap   total 86016K, used 21495K [0x0000000700000000, 0x0000000800000000)
  region size 1024K, 0 young (0K), 0 survivors (0K)
 Metaspace       used 41087K, capacity 42386K, committed 42672K, reserved 1085440K
  class space    used 5235K, capacity 5802K, committed 5888K, reserved 1048576K
}
Event: 14.139 GC heap before
{Heap before GC invocations=6 (full 1):
 garbage-first heap   total 86016K, used 21495K [0x0000000700000000, 0x0000000800000000)
  region size 1024K, 1 young (1024K), 0 survivors (0K)
 Metaspace       used 41088K, capacity 42389K, committed 42672K, reserved 1085440K
  class space    used 5235K, capacity 5803K, committed 5888K, reserved 1048576K
}
Event: 14.161 GC heap after
{Heap after GC invocations=7 (full 2):
 garbage-first heap   total 81920K, used 21351K [0x0000000700000000, 0x0000000800000000)
  region size 1024K, 0 young (0K), 0 survivors (0K)
 Metaspace       used 41088K, capacity 42389K, committed 42672K, reserved 1085440K
  class space    used 5235K, capacity 5803K, committed 5888K, reserved 1048576K
}

Deoptimization events (20 events):
Event: 14.003 Thread 0x00007fe5dd008800 Uncommon trap: trap_request=0xffffffbe fr.pc=0x000000012058e0ac relative=0x000000000000034c
Event: 14.003 Thread 0x00007fe5dd008800 Uncommon trap: reason=profile_predicate action=maybe_recompile pc=0x000000012058e0ac method=javafx.css.CompoundSelector.applies(Ljavafx/css/Styleable;[Ljava/util/Set;I)Z @ 89 c2
Event: 14.003 Thread 0x00007fe5dd008800 DEOPT PACKING pc=0x000000012058e0ac sp=0x000000030d88c130
Event: 14.003 Thread 0x00007fe5dd008800 DEOPT UNPACKING pc=0x0000000118865e9f sp=0x000000030d88c0c0 mode 2
Event: 14.003 Thread 0x00007fe5dd008800 Uncommon trap: trap_request=0xffffffbe fr.pc=0x000000012058e0ac relative=0x000000000000034c
Event: 14.003 Thread 0x00007fe5dd008800 Uncommon trap: reason=profile_predicate action=maybe_recompile pc=0x000000012058e0ac method=javafx.css.CompoundSelector.applies(Ljavafx/css/Styleable;[Ljava/util/Set;I)Z @ 89 c2
Event: 14.003 Thread 0x00007fe5dd008800 DEOPT PACKING pc=0x000000012058e0ac sp=0x000000030d88c130
Event: 14.003 Thread 0x00007fe5dd008800 DEOPT UNPACKING pc=0x0000000118865e9f sp=0x000000030d88c0c0 mode 2
Event: 14.003 Thread 0x00007fe5dd008800 Uncommon trap: trap_request=0xffffffbe fr.pc=0x000000012058e0ac relative=0x000000000000034c
Event: 14.003 Thread 0x00007fe5dd008800 Uncommon trap: reason=profile_predicate action=maybe_recompile pc=0x000000012058e0ac method=javafx.css.CompoundSelector.applies(Ljavafx/css/Styleable;[Ljava/util/Set;I)Z @ 89 c2
Event: 14.003 Thread 0x00007fe5dd008800 DEOPT PACKING pc=0x000000012058e0ac sp=0x000000030d88c130
Event: 14.003 Thread 0x00007fe5dd008800 DEOPT UNPACKING pc=0x0000000118865e9f sp=0x000000030d88c0c0 mode 2
Event: 14.003 Thread 0x00007fe5dd008800 Uncommon trap: trap_request=0xffffffbe fr.pc=0x000000012058e0ac relative=0x000000000000034c
Event: 14.003 Thread 0x00007fe5dd008800 Uncommon trap: reason=profile_predicate action=maybe_recompile pc=0x000000012058e0ac method=javafx.css.CompoundSelector.applies(Ljavafx/css/Styleable;[Ljava/util/Set;I)Z @ 89 c2
Event: 14.003 Thread 0x00007fe5dd008800 DEOPT PACKING pc=0x000000012058e0ac sp=0x000000030d88c130
Event: 14.003 Thread 0x00007fe5dd008800 DEOPT UNPACKING pc=0x0000000118865e9f sp=0x000000030d88c0c0 mode 2
Event: 14.302 Thread 0x00007fe5dd008800 Uncommon trap: trap_request=0xffffff4d fr.pc=0x00000001205269a8 relative=0x0000000000000088
Event: 14.302 Thread 0x00007fe5dd008800 Uncommon trap: reason=unstable_if action=reinterpret pc=0x00000001205269a8 method=java.lang.Math.round(F)I @ 36 c2
Event: 14.302 Thread 0x00007fe5dd008800 DEOPT PACKING pc=0x00000001205269a8 sp=0x000000030d8904d0
Event: 14.302 Thread 0x00007fe5dd008800 DEOPT UNPACKING pc=0x0000000118865e9f sp=0x000000030d890468 mode 2

Classes redefined (0 events):
No events

Internal exceptions (20 events):
Event: 8.998 Thread 0x00007fe5dd008800 Exception <a 'java/lang/NoSuchMethodError'{0x000000070f7a5c08}: 'void java.lang.invoke.DirectMethodHandle$Holder.invokeVirtual(java.lang.Object, java.lang.Object, java.lang.Object, java.lang.Object)'> (0x000000070f7a5c08) thrown at [src/hotspot/share/interpreter/linkResolver.cpp, line 773]
Event: 9.084 Thread 0x00007fe5dd008800 Exception <a 'java/lang/NoSuchMethodError'{0x000000070f489668}: 'int java.lang.invoke.DirectMethodHandle$Holder.invokeSpecialIFC(java.lang.Object, java.lang.Object, java.lang.Object, java.lang.Object)'> (0x000000070f489668) thrown at [src/hotspot/share/interpreter/linkResolver.cpp, line 773]
Event: 9.229 Thread 0x00007fe5dd008800 Exception <a 'java/lang/ClassNotFoundException'{0x000000070f06d3f0}: com/sun/javafx/scene/control/skin/resources/controls> (0x000000070f06d3f0) thrown at [src/hotspot/share/prims/jni.cpp, line 636]
Event: 9.230 Thread 0x00007fe5dd008800 Exception <a 'java/lang/ClassNotFoundException'{0x000000070f07b3b0}: com/sun/javafx/scene/control/skin/resources/controls_en> (0x000000070f07b3b0) thrown at [src/hotspot/share/prims/jni.cpp, line 636]
Event: 9.230 Thread 0x00007fe5dd008800 Exception <a 'java/lang/ClassNotFoundException'{0x000000070f07d390}: com/sun/javafx/scene/control/skin/resources/controls_en_CA> (0x000000070f07d390) thrown at [src/hotspot/share/prims/jni.cpp, line 636]
Event: 9.561 Thread 0x00007fe5dd008800 Exception <a 'java/lang/NoSuchMethodError'{0x000000070e8a5668}: 'java.lang.Object java.lang.invoke.Invokers$Holder.linkToTargetMethod(java.lang.Object, int, int, java.lang.Object)'> (0x000000070e8a5668) thrown at [src/hotspot/share/interpreter/linkResolver.cpp, line 773]
Event: 10.238 Thread 0x00007fe5dd008800 Exception <a 'java/io/FileNotFoundException'{0x000000070e423ea8}> (0x000000070e423ea8) thrown at [src/hotspot/share/prims/jni.cpp, line 615]
Event: 10.242 Thread 0x00007fe5dd008800 Exception <a 'java/lang/NoSuchMethodError'{0x000000070e428688}: 'void java.lang.invoke.DirectMethodHandle$Holder.invokeStatic(java.lang.Object, java.lang.Object, java.lang.Object, java.lang.Object, java.lang.Object, java.lang.Object)'> (0x000000070e428688) thrown at [src/hotspot/share/interpreter/linkResolver.cpp, line 773]
Event: 10.253 Thread 0x00007fe5dd008800 Exception <a 'java/io/FileNotFoundException'{0x000000070e489f40}> (0x000000070e489f40) thrown at [src/hotspot/share/prims/jni.cpp, line 615]
Event: 10.284 Thread 0x00007fe5dd008800 Exception <a 'java/io/FileNotFoundException'{0x000000070e36cc40}> (0x000000070e36cc40) thrown at [src/hotspot/share/prims/jni.cpp, line 615]
Event: 10.291 Thread 0x00007fe5dd008800 Exception <a 'java/io/FileNotFoundException'{0x000000070e375f00}> (0x000000070e375f00) thrown at [src/hotspot/share/prims/jni.cpp, line 615]
Event: 10.294 Thread 0x00007fe5dd008800 Exception <a 'java/io/FileNotFoundException'{0x000000070e37e310}> (0x000000070e37e310) thrown at [src/hotspot/share/prims/jni.cpp, line 615]
Event: 10.301 Thread 0x00007fe5dd008800 Exception <a 'java/io/FileNotFoundException'{0x000000070e3dcbd0}> (0x000000070e3dcbd0) thrown at [src/hotspot/share/prims/jni.cpp, line 615]
Event: 10.309 Thread 0x00007fe5dd008800 Exception <a 'java/lang/NoSuchMethodError'{0x000000070e3e7d00}: 'void java.lang.invoke.DirectMethodHandle$Holder.invokeStatic(java.lang.Object, java.lang.Object, int, java.lang.Object)'> (0x000000070e3e7d00) thrown at [src/hotspot/share/interpreter/linkResolver.cpp, line 773]
Event: 10.309 Thread 0x00007fe5dd008800 Exception <a 'java/io/FileNotFoundException'{0x000000070e3ee310}> (0x000000070e3ee310) thrown at [src/hotspot/share/prims/jni.cpp, line 615]
Event: 10.315 Thread 0x00007fe5dd008800 Exception <a 'java/io/FileNotFoundException'{0x000000070e3f7598}> (0x000000070e3f7598) thrown at [src/hotspot/share/prims/jni.cpp, line 615]
Event: 10.321 Thread 0x00007fe5dd008800 Exception <a 'java/io/FileNotFoundException'{0x000000070e200f90}> (0x000000070e200f90) thrown at [src/hotspot/share/prims/jni.cpp, line 615]
Event: 10.332 Thread 0x00007fe5dd008800 Exception <a 'java/io/FileNotFoundException'{0x000000070e20b220}> (0x000000070e20b220) thrown at [src/hotspot/share/prims/jni.cpp, line 615]
Event: 10.344 Thread 0x00007fe5dd008800 Exception <a 'java/io/FileNotFoundException'{0x000000070e2144a8}> (0x000000070e2144a8) thrown at [src/hotspot/share/prims/jni.cpp, line 615]
Event: 10.716 Thread 0x00007fe5dd008800 Implicit null exception at 0x00000001205010ee to 0x0000000120501ba0

Events (20 events):
Event: 12.949 Protecting memory [0x000000030f270000,0x000000030f274000] with protection modes 3
Event: 12.950 Thread 0x00007fe5cd708800 Thread exited: 0x00007fe5cd708800
Event: 13.158 Protecting memory [0x000000030f270000,0x000000030f274000] with protection modes 0
Event: 13.158 Thread 0x00007fe61c857800 Thread added: 0x00007fe61c857800
Event: 13.314 Executing VM operation: RevokeBias
Event: 13.315 Executing VM operation: RevokeBias done
Event: 14.045 Executing VM operation: G1CollectFull
Event: 14.105 Executing VM operation: G1CollectFull done
Event: 14.107 loading class com/sun/prism/impl/ManagedResource
Event: 14.107 loading class com/sun/prism/impl/ManagedResource done
Event: 14.119 loading class com/sun/prism/impl/BaseResourcePool$Predicate
Event: 14.119 loading class com/sun/prism/impl/BaseResourcePool$Predicate done
Event: 14.139 Executing VM operation: G1CollectFull
Event: 14.161 Executing VM operation: G1CollectFull done
Event: 14.184 loading class java/lang/Throwable$WrappedPrintStream
Event: 14.184 loading class java/lang/Throwable$PrintStreamOrWriter
Event: 14.184 loading class java/lang/Throwable$PrintStreamOrWriter done
Event: 14.184 loading class java/lang/Throwable$WrappedPrintStream done
Event: 14.186 loading class java/lang/StackTraceElement$HashedModules
Event: 14.186 loading class java/lang/StackTraceElement$HashedModules done


Dynamic libraries:
0x000000010d196000 	/Users/gregsherman/Library/Java/JavaVirtualMachines/corretto-11.0.12/Contents/Home/lib/jli/libjli.dylib
0x00007ff835198000 	/System/Library/Frameworks/Cocoa.framework/Versions/A/Cocoa
0x00007ff820a39000 	/System/Library/Frameworks/AppKit.framework/Versions/C/AppKit
0x00007ff823f89000 	/System/Library/Frameworks/CoreData.framework/Versions/A/CoreData
0x00007ff81ee54000 	/System/Library/Frameworks/Foundation.framework/Versions/C/Foundation
0x00007ff82927c000 	/usr/lib/libSystem.B.dylib
0x00007ff8218c6000 	/System/Library/PrivateFrameworks/UIFoundation.framework/Versions/A/UIFoundation
0x00007ff82f170000 	/System/Library/PrivateFrameworks/RemoteViewServices.framework/Versions/A/RemoteViewServices
0x00007ff82746f000 	/System/Library/PrivateFrameworks/XCTTargetBootstrap.framework/Versions/A/XCTTargetBootstrap
0x00007ff82b147000 	/System/Library/PrivateFrameworks/InternationalSupport.framework/Versions/A/InternationalSupport
0x00007ff82b1d1000 	/System/Library/PrivateFrameworks/UserActivity.framework/Versions/A/UserActivity
0x00007ff82a52e000 	/usr/lib/libspindump.dylib
0x00007ff821b54000 	/System/Library/Frameworks/UniformTypeIdentifiers.framework/Versions/A/UniformTypeIdentifiers
0x00007ff825bae000 	/usr/lib/libapp_launch_measurement.dylib
0x00007ff824963000 	/System/Library/PrivateFrameworks/CoreAnalytics.framework/Versions/A/CoreAnalytics
0x00007ff825bb1000 	/System/Library/PrivateFrameworks/CoreAutoLayout.framework/Versions/A/CoreAutoLayout
0x00007ff826dd0000 	/System/Library/Frameworks/Metal.framework/Versions/A/Metal
0x00007ff827ae7000 	/usr/lib/liblangid.dylib
0x00007ff827473000 	/System/Library/PrivateFrameworks/CoreSVG.framework/Versions/A/CoreSVG
0x00007ff822f16000 	/System/Library/PrivateFrameworks/SkyLight.framework/Versions/A/SkyLight
0x00007ff8232a7000 	/System/Library/Frameworks/CoreGraphics.framework/Versions/A/CoreGraphics
0x00007ff82f7db000 	/System/Library/Frameworks/Accelerate.framework/Versions/A/Accelerate
0x00007ff829fa9000 	/System/Library/PrivateFrameworks/IconServices.framework/Versions/A/IconServices
0x00007ff826db5000 	/System/Library/Frameworks/IOSurface.framework/Versions/A/IOSurface
0x00007ff824991000 	/usr/lib/libDiagnosticMessagesClient.dylib
0x00007ff829196000 	/usr/lib/libz.1.dylib
0x00007ff832e3a000 	/System/Library/Frameworks/ApplicationServices.framework/Versions/A/ApplicationServices
0x00007ff82745b000 	/System/Library/PrivateFrameworks/DFRFoundation.framework/Versions/A/DFRFoundation
0x00007ff82032a000 	/usr/lib/libicucore.A.dylib
0x00007ff82be69000 	/System/Library/Frameworks/AudioToolbox.framework/Versions/A/AudioToolbox
0x00007ff82b153000 	/System/Library/PrivateFrameworks/DataDetectorsCore.framework/Versions/A/DataDetectorsCore
0x00007ff9268e8000 	/System/Library/PrivateFrameworks/TextInput.framework/Versions/A/TextInput
0x00007ff822e99000 	/usr/lib/libMobileGestalt.dylib
0x00007ff827163000 	/System/Library/Frameworks/Carbon.framework/Versions/A/Frameworks/HIToolbox.framework/Versions/A/HIToolbox
0x00007ff8255dc000 	/System/Library/Frameworks/QuartzCore.framework/Versions/A/QuartzCore
0x00007ff81ffcb000 	/System/Library/Frameworks/Security.framework/Versions/A/Security
0x00007ff82f1a8000 	/System/Library/Frameworks/Carbon.framework/Versions/A/Frameworks/SpeechRecognition.framework/Versions/A/SpeechRecognition
0x00007ff82590e000 	/System/Library/PrivateFrameworks/CoreUI.framework/Versions/A/CoreUI
0x00007ff81f8a5000 	/System/Library/Frameworks/CoreAudio.framework/Versions/A/CoreAudio
0x00007ff824a7f000 	/System/Library/Frameworks/DiskArbitration.framework/Versions/A/DiskArbitration
0x00007ff82a911000 	/System/Library/PrivateFrameworks/MultitouchSupport.framework/Versions/A/MultitouchSupport
0x00007ff822e98000 	/usr/lib/libenergytrace.dylib
0x00007ff820925000 	/System/Library/Frameworks/IOKit.framework/Versions/A/IOKit
0x00007ff82f592000 	/System/Library/Frameworks/CoreServices.framework/Versions/A/CoreServices
0x00007ff825b48000 	/System/Library/PrivateFrameworks/PerformanceAnalysis.framework/Versions/A/PerformanceAnalysis
0x00007ffa36357000 	/System/Library/Frameworks/OpenGL.framework/Versions/A/OpenGL
0x00007ff8287ce000 	/System/Library/PrivateFrameworks/MobileKeyBag.framework/Versions/A/MobileKeyBag
0x00007ff81deec000 	/usr/lib/libobjc.A.dylib
0x00007ff8239d6000 	/System/Library/Frameworks/ColorSync.framework/Versions/A/ColorSync
0x00007ff81e0a8000 	/System/Library/Frameworks/CoreFoundation.framework/Versions/A/CoreFoundation
0x00007ff8276ee000 	/System/Library/Frameworks/CoreImage.framework/Versions/A/CoreImage
0x00007ff81f6bb000 	/System/Library/Frameworks/CoreText.framework/Versions/A/CoreText
0x00007ff8274a2000 	/System/Library/Frameworks/ImageIO.framework/Versions/A/ImageIO
0x00007ff829282000 	/System/Library/PrivateFrameworks/SoftLinking.framework/Versions/A/SoftLinking
0x00007ff825bf9000 	/usr/lib/libxml2.2.dylib
0x00007ff81dfb5000 	/usr/lib/libc++.1.dylib
0x00007ff829502000 	/usr/lib/libcompression.dylib
0x00007ff82b07d000 	/System/Library/PrivateFrameworks/TextureIO.framework/Versions/A/TextureIO
0x00007ff829c22000 	/usr/lib/libate.dylib
0x00007ff829277000 	/usr/lib/system/libcache.dylib
0x00007ff829233000 	/usr/lib/system/libcommonCrypto.dylib
0x00007ff82925c000 	/usr/lib/system/libcompiler_rt.dylib
0x00007ff829252000 	/usr/lib/system/libcopyfile.dylib
0x00007ff81dde6000 	/usr/lib/system/libcorecrypto.dylib
0x00007ff81dea5000 	/usr/lib/system/libdispatch.dylib
0x00007ff81e067000 	/usr/lib/system/libdyld.dylib
0x00007ff82926e000 	/usr/lib/system/libkeymgr.dylib
0x00007ff829211000 	/usr/lib/system/libmacho.dylib
0x00007ff8288a2000 	/usr/lib/system/libquarantine.dylib
0x00007ff82926c000 	/usr/lib/system/libremovefile.dylib
0x00007ff822ee5000 	/usr/lib/system/libsystem_asl.dylib
0x00007ff81dd94000 	/usr/lib/system/libsystem_blocks.dylib
0x00007ff81df2c000 	/usr/lib/system/libsystem_c.dylib
0x00007ff829264000 	/usr/lib/system/libsystem_collections.dylib
0x00007ff827ad8000 	/usr/lib/system/libsystem_configuration.dylib
0x00007ff826d98000 	/usr/lib/system/libsystem_containermanager.dylib
0x00007ff828f4a000 	/usr/lib/system/libsystem_coreservices.dylib
0x00007ff8205b3000 	/usr/lib/system/libsystem_darwin.dylib
0x00007ff82926f000 	/usr/lib/system/libsystem_dnssd.dylib
0x00007ff81df29000 	/usr/lib/system/libsystem_featureflags.dylib
0x00007ff81e07d000 	/usr/lib/system/libsystem_info.dylib
0x00007ff8291a9000 	/usr/lib/system/libsystem_m.dylib
0x00007ff81de79000 	/usr/lib/system/libsystem_malloc.dylib
0x00007ff822e82000 	/usr/lib/system/libsystem_networkextension.dylib
0x00007ff8209db000 	/usr/lib/system/libsystem_notify.dylib
0x00007ff82f469000 	/usr/lib/system/libsystem_product_info_filter.dylib
0x00007ff827adc000 	/usr/lib/system/libsystem_sandbox.dylib
0x00007ff829269000 	/usr/lib/system/libsystem_secinit.dylib
0x00007ff81e024000 	/usr/lib/system/libsystem_kernel.dylib
0x00007ff81e073000 	/usr/lib/system/libsystem_platform.dylib
0x00007ff81e05b000 	/usr/lib/system/libsystem_pthread.dylib
0x00007ff8247a9000 	/usr/lib/system/libsystem_symptoms.dylib
0x00007ff81ddcd000 	/usr/lib/system/libsystem_trace.dylib
0x00007ff82923f000 	/usr/lib/system/libunwind.dylib
0x00007ff81dd96000 	/usr/lib/system/libxpc.dylib
0x00007ff81e00e000 	/usr/lib/libc++abi.dylib
0x00007ff82924a000 	/usr/lib/liboah.dylib
0x00007ff8299db000 	/usr/lib/liblzma.5.dylib
0x00007ff81eb65000 	/System/Library/Frameworks/SystemConfiguration.framework/Versions/A/SystemConfiguration
0x00007ff82927e000 	/usr/lib/libfakelink.dylib
0x00007ff8229ec000 	/System/Library/Frameworks/CFNetwork.framework/Versions/A/CFNetwork
0x00007ff8293bd000 	/usr/lib/libarchive.2.dylib
0x00007ff827ae3000 	/System/Library/PrivateFrameworks/AppleSystemInfo.framework/Versions/A/AppleSystemInfo
0x00007ff8288c8000 	/usr/lib/libbsm.0.dylib
0x00007ff822023000 	/usr/lib/libnetwork.dylib
0x00007ff829217000 	/usr/lib/system/libkxld.dylib
0x00007ff8284f7000 	/System/Library/PrivateFrameworks/IOMobileFramebuffer.framework/Versions/A/IOMobileFramebuffer
0x00007ffb33cf9000 	/usr/lib/libCoreEntitlements.dylib
0x00007ff828f2c000 	/System/Library/PrivateFrameworks/AppleFSCompression.framework/Versions/A/AppleFSCompression
0x00007ff8288b1000 	/usr/lib/libcoretls.dylib
0x00007ff8299f5000 	/usr/lib/libcoretls_cfhelpers.dylib
0x00007ff8294fd000 	/usr/lib/libpam.2.dylib
0x00007ff8243cf000 	/usr/lib/libsqlite3.dylib
0x00007ff829a64000 	/usr/lib/libxar.1.dylib
0x00007ff828f3c000 	/usr/lib/libbz2.1.0.dylib
0x00007ff829283000 	/usr/lib/libpcap.A.dylib
0x00007ff8247a0000 	/usr/lib/libdns_services.dylib
0x00007ff8294cf000 	/usr/lib/libapple_nghttp2.dylib
0x00007ff8292ba000 	/usr/lib/libiconv.2.dylib
0x00007ff829210000 	/usr/lib/libcharset.1.dylib
0x00007ff825b7c000 	/System/Library/Frameworks/CoreServices.framework/Versions/A/Frameworks/FSEvents.framework/Versions/A/FSEvents
0x00007ff8205bd000 	/System/Library/Frameworks/CoreServices.framework/Versions/A/Frameworks/CarbonCore.framework/Versions/A/CarbonCore
0x00007ff8249e4000 	/System/Library/Frameworks/CoreServices.framework/Versions/A/Frameworks/Metadata.framework/Versions/A/Metadata
0x00007ff828f4f000 	/System/Library/Frameworks/CoreServices.framework/Versions/A/Frameworks/OSServices.framework/Versions/A/OSServices
0x00007ff829443000 	/System/Library/Frameworks/CoreServices.framework/Versions/A/Frameworks/SearchKit.framework/Versions/A/SearchKit
0x00007ff824732000 	/System/Library/Frameworks/CoreServices.framework/Versions/A/Frameworks/AE.framework/Versions/A/AE
0x00007ff81e5a9000 	/System/Library/Frameworks/CoreServices.framework/Versions/A/Frameworks/LaunchServices.framework/Versions/A/LaunchServices
0x00007ff82998c000 	/System/Library/Frameworks/CoreServices.framework/Versions/A/Frameworks/DictionaryServices.framework/Versions/A/DictionaryServices
0x00007ff825b89000 	/System/Library/Frameworks/CoreServices.framework/Versions/A/Frameworks/SharedFileList.framework/Versions/A/SharedFileList
0x00007ff8288a5000 	/usr/lib/libCheckFix.dylib
0x00007ff822efc000 	/System/Library/PrivateFrameworks/TCC.framework/Versions/A/TCC
0x00007ff827ae9000 	/System/Library/PrivateFrameworks/CoreNLP.framework/Versions/A/CoreNLP
0x00007ff824994000 	/System/Library/PrivateFrameworks/MetadataUtilities.framework/Versions/A/MetadataUtilities
0x00007ff81ec15000 	/usr/lib/libmecabra.dylib
0x00007ff8288d8000 	/usr/lib/libmecab.dylib
0x00007ff81ebe0000 	/usr/lib/libCRFSuite.dylib
0x00007ff828935000 	/usr/lib/libgermantok.dylib
0x00007ff8294aa000 	/usr/lib/libThaiTokenizer.dylib
0x00007ff824a86000 	/System/Library/Frameworks/Accelerate.framework/Versions/A/Frameworks/vImage.framework/Versions/A/vImage
0x00007ff82f569000 	/System/Library/Frameworks/Accelerate.framework/Versions/A/Frameworks/vecLib.framework/Versions/A/vecLib
0x00007ff829aa5000 	/System/Library/Frameworks/Accelerate.framework/Versions/A/Frameworks/vecLib.framework/Versions/A/libvMisc.dylib
0x00007ff8282eb000 	/System/Library/Frameworks/Accelerate.framework/Versions/A/Frameworks/vecLib.framework/Versions/A/libvDSP.dylib
0x00007ff81e921000 	/System/Library/Frameworks/Accelerate.framework/Versions/A/Frameworks/vecLib.framework/Versions/A/libBLAS.dylib
0x00007ff8295df000 	/System/Library/Frameworks/Accelerate.framework/Versions/A/Frameworks/vecLib.framework/Versions/A/libLAPACK.dylib
0x00007ff828938000 	/System/Library/Frameworks/Accelerate.framework/Versions/A/Frameworks/vecLib.framework/Versions/A/libLinearAlgebra.dylib
0x00007ff8294e8000 	/System/Library/Frameworks/Accelerate.framework/Versions/A/Frameworks/vecLib.framework/Versions/A/libSparseBLAS.dylib
0x00007ff8295d9000 	/System/Library/Frameworks/Accelerate.framework/Versions/A/Frameworks/vecLib.framework/Versions/A/libQuadrature.dylib
0x00007ff827bd3000 	/System/Library/Frameworks/Accelerate.framework/Versions/A/Frameworks/vecLib.framework/Versions/A/libBNNS.dylib
0x00007ff81eaf6000 	/System/Library/Frameworks/Accelerate.framework/Versions/A/Frameworks/vecLib.framework/Versions/A/libSparse.dylib
0x00007ff827bcc000 	/System/Library/PrivateFrameworks/LinguisticData.framework/Versions/A/LinguisticData
0x00007ff81eaab000 	/System/Library/PrivateFrameworks/Lexicon.framework/Versions/A/Lexicon
0x00007ff829a9e000 	/usr/lib/libChineseTokenizer.dylib
0x00007ff81f20f000 	/System/Library/PrivateFrameworks/LanguageModeling.framework/Versions/A/LanguageModeling
0x00007ff8294ac000 	/System/Library/PrivateFrameworks/AppleSauce.framework/Versions/A/AppleSauce
0x00007ff8284e5000 	/System/Library/PrivateFrameworks/CoreEmoji.framework/Versions/A/CoreEmoji
0x00007ff8293ac000 	/usr/lib/libcmph.dylib
0x00007ff825b60000 	/System/Library/Frameworks/OpenDirectory.framework/Versions/A/Frameworks/CFOpenDirectory.framework/Versions/A/CFOpenDirectory
0x00007ff825b54000 	/System/Library/Frameworks/OpenDirectory.framework/Versions/A/OpenDirectory
0x00007ff8299f7000 	/System/Library/PrivateFrameworks/APFS.framework/Versions/A/APFS
0x00007ff828806000 	/System/Library/Frameworks/SecurityFoundation.framework/Versions/A/SecurityFoundation
0x00007ff829a72000 	/usr/lib/libutil.dylib
0x00007ff8208e8000 	/System/Library/PrivateFrameworks/CoreServicesStore.framework/Versions/A/CoreServicesStore
0x00007ff829a76000 	/usr/lib/libxslt.1.dylib
0x00007ff828893000 	/System/Library/PrivateFrameworks/BackgroundTaskManagement.framework/Versions/A/BackgroundTaskManagement
0x00007ff82af9f000 	/System/Library/Frameworks/ImageIO.framework/Versions/A/Resources/libRadiance.dylib
0x00007ff82afa8000 	/System/Library/Frameworks/ImageIO.framework/Versions/A/Resources/libJPEG.dylib
0x00007ff82aef9000 	/System/Library/Frameworks/ImageIO.framework/Versions/A/Resources/libPng.dylib
0x00007ff82af1a000 	/System/Library/Frameworks/ImageIO.framework/Versions/A/Resources/libTIFF.dylib
0x00007ff82b006000 	/System/Library/Frameworks/ImageIO.framework/Versions/A/Resources/libGIF.dylib
0x00007ff82a82e000 	/System/Library/Frameworks/ImageIO.framework/Versions/A/Resources/libJP2.dylib
0x00007ff829f70000 	/usr/lib/libexpat.1.dylib
0x00007ff82a7e3000 	/System/Library/PrivateFrameworks/AppleJPEG.framework/Versions/A/AppleJPEG
0x00007ff82702a000 	/System/Library/PrivateFrameworks/FontServices.framework/libFontParser.dylib
0x00007ff8246dc000 	/System/Library/PrivateFrameworks/RunningBoardServices.framework/Versions/A/RunningBoardServices
0x00007ff835709000 	/System/Library/PrivateFrameworks/IOSurfaceAccelerator.framework/Versions/A/IOSurfaceAccelerator
0x00007ff82a90d000 	/System/Library/PrivateFrameworks/WatchdogClient.framework/Versions/A/WatchdogClient
0x00007ff81f2fe000 	/System/Library/Frameworks/CoreDisplay.framework/Versions/A/CoreDisplay
0x00007ff826f2a000 	/System/Library/Frameworks/CoreMedia.framework/Versions/A/CoreMedia
0x00007ff826dc7000 	/System/Library/PrivateFrameworks/IOAccelerator.framework/Versions/A/IOAccelerator
0x00007ff825cdc000 	/System/Library/Frameworks/CoreVideo.framework/Versions/A/CoreVideo
0x00007ff8294fb000 	/System/Library/Frameworks/MetalPerformanceShaders.framework/Versions/A/MetalPerformanceShaders
0x00007ff82a948000 	/System/Library/Frameworks/VideoToolbox.framework/Versions/A/VideoToolbox
0x00007ff824624000 	/System/Library/PrivateFrameworks/BaseBoard.framework/Versions/A/BaseBoard
0x00007ff8243b5000 	/System/Library/PrivateFrameworks/ProtocolBuffer.framework/Versions/A/ProtocolBuffer
0x00007ff82af98000 	/System/Library/PrivateFrameworks/GPUWrangler.framework/Versions/A/GPUWrangler
0x00007ff82af7b000 	/System/Library/PrivateFrameworks/IOPresentment.framework/Versions/A/IOPresentment
0x00007ff82afa2000 	/System/Library/PrivateFrameworks/DSExternalDisplay.framework/Versions/A/DSExternalDisplay
0x00007ffa3634b000 	/System/Library/Frameworks/OpenGL.framework/Versions/A/Libraries/libCoreFSCache.dylib
0x00007ffb222f8000 	/System/Library/PrivateFrameworks/GPUCompiler.framework/Versions/31001/Libraries/libGPUCompilerUtils.dylib
0x00007ff82b00b000 	/System/Library/PrivateFrameworks/CMCaptureCore.framework/Versions/A/CMCaptureCore
0x00007ff82a51c000 	/System/Library/PrivateFrameworks/AppServerSupport.framework/Versions/A/AppServerSupport
0x00007ff82c6e6000 	/System/Library/PrivateFrameworks/perfdata.framework/Versions/A/perfdata
0x00007ff81f42a000 	/System/Library/PrivateFrameworks/AudioToolboxCore.framework/Versions/A/AudioToolboxCore
0x00007ff826f07000 	/System/Library/PrivateFrameworks/caulk.framework/Versions/A/caulk
0x00007ff82c013000 	/usr/lib/libAudioStatistics.dylib
0x00007ff9231a7000 	/System/Library/PrivateFrameworks/SystemPolicy.framework/Versions/A/SystemPolicy
0x00007ff82c25f000 	/usr/lib/libSMC.dylib
0x00007ff83504b000 	/System/Library/Frameworks/CoreMIDI.framework/Versions/A/CoreMIDI
0x00007ff82aec9000 	/usr/lib/libAudioToolboxUtility.dylib
0x00007ff91f62f000 	/System/Library/PrivateFrameworks/OSAServicesClient.framework/Versions/A/OSAServicesClient
0x00007ff82c6f3000 	/usr/lib/libperfcheck.dylib
0x00007ff923c33000 	/usr/lib/libmis.dylib
0x00007ffa363a7000 	/System/Library/Frameworks/OpenGL.framework/Versions/A/Libraries/libGLU.dylib
0x00007ffa3636a000 	/System/Library/Frameworks/OpenGL.framework/Versions/A/Libraries/libGFXShared.dylib
0x00007ffa36578000 	/System/Library/Frameworks/OpenGL.framework/Versions/A/Libraries/libGL.dylib
0x00007ffa36373000 	/System/Library/Frameworks/OpenGL.framework/Versions/A/Libraries/libGLImage.dylib
0x00007ffa36367000 	/System/Library/Frameworks/OpenGL.framework/Versions/A/Libraries/libCVMSPluginSupport.dylib
0x00007ffa36352000 	/System/Library/Frameworks/OpenGL.framework/Versions/A/Libraries/libCoreVMClient.dylib
0x00007ff827a67000 	/System/Library/Frameworks/MetalPerformanceShaders.framework/Versions/A/Frameworks/MPSCore.framework/Versions/A/MPSCore
0x00007ff828e97000 	/System/Library/Frameworks/MetalPerformanceShaders.framework/Versions/A/Frameworks/MPSImage.framework/Versions/A/MPSImage
0x00007ff82894e000 	/System/Library/Frameworks/MetalPerformanceShaders.framework/Versions/A/Frameworks/MPSNeuralNetwork.framework/Versions/A/MPSNeuralNetwork
0x00007ff828dc3000 	/System/Library/Frameworks/MetalPerformanceShaders.framework/Versions/A/Frameworks/MPSMatrix.framework/Versions/A/MPSMatrix
0x00007ff828b7f000 	/System/Library/Frameworks/MetalPerformanceShaders.framework/Versions/A/Frameworks/MPSRayIntersector.framework/Versions/A/MPSRayIntersector
0x00007ff828dfc000 	/System/Library/Frameworks/MetalPerformanceShaders.framework/Versions/A/Frameworks/MPSNDArray.framework/Versions/A/MPSNDArray
0x00007ffa3af50000 	/System/Library/Frameworks/MetalPerformanceShaders.framework/Versions/A/Frameworks/MPSFunctions.framework/Versions/A/MPSFunctions
0x00007ff81e804000 	/System/Library/PrivateFrameworks/MetalTools.framework/Versions/A/MetalTools
0x00007ff827ae1000 	/System/Library/PrivateFrameworks/AggregateDictionary.framework/Versions/A/AggregateDictionary
0x00007ff829d52000 	/usr/lib/libIOReport.dylib
0x00007ffa37987000 	/System/Library/Frameworks/OpenCL.framework/Versions/A/OpenCL
0x00007ff82a0b6000 	/System/Library/PrivateFrameworks/FaceCore.framework/Versions/A/FaceCore
0x00007ff82a0a7000 	/System/Library/PrivateFrameworks/GraphVisualizer.framework/Versions/A/GraphVisualizer
0x00007ffb22203000 	/System/Library/PrivateFrameworks/FontServices.framework/Versions/A/FontServices
0x00007ff82a4d3000 	/System/Library/PrivateFrameworks/OTSVG.framework/Versions/A/OTSVG
0x00007ff8258c4000 	/System/Library/Frameworks/ApplicationServices.framework/Versions/A/Frameworks/ATS.framework/Versions/A/Resources/libFontRegistry.dylib
0x00007ff82a524000 	/System/Library/PrivateFrameworks/FontServices.framework/libhvf.dylib
0x00007ffb22204000 	/System/Library/PrivateFrameworks/FontServices.framework/libXTFontStaticRegistryData.dylib
0x00007ff829f20000 	/System/Library/PrivateFrameworks/AppleVA.framework/Versions/A/AppleVA
0x00007ff82c033000 	/System/Library/Frameworks/ApplicationServices.framework/Versions/A/Frameworks/ATS.framework/Versions/A/ATS
0x00007ff823ad2000 	/System/Library/Frameworks/ApplicationServices.framework/Versions/A/Frameworks/HIServices.framework/Versions/A/HIServices
0x00007ff82b015000 	/System/Library/Frameworks/ApplicationServices.framework/Versions/A/Frameworks/PrintCore.framework/Versions/A/PrintCore
0x00007ff82c3b2000 	/System/Library/Frameworks/ApplicationServices.framework/Versions/A/Frameworks/QD.framework/Versions/A/QD
0x00007ff82c3aa000 	/System/Library/Frameworks/ApplicationServices.framework/Versions/A/Frameworks/ColorSyncLegacy.framework/Versions/A/ColorSyncLegacy
0x00007ff82c023000 	/System/Library/Frameworks/ApplicationServices.framework/Versions/A/Frameworks/SpeechSynthesis.framework/Versions/A/SpeechSynthesis
0x00007ff82afd6000 	/System/Library/Frameworks/ApplicationServices.framework/Versions/A/Frameworks/ATSUI.framework/Versions/A/ATSUI
0x00007ff82c33f000 	/usr/lib/libcups.2.dylib
0x00007ff82c702000 	/System/Library/Frameworks/Kerberos.framework/Versions/A/Kerberos
0x00007ff82c711000 	/System/Library/Frameworks/GSS.framework/Versions/A/GSS
0x00007ff82c09f000 	/usr/lib/libresolv.9.dylib
0x00007ff82a533000 	/System/Library/PrivateFrameworks/Heimdal.framework/Versions/A/Heimdal
0x00007ff8331b5000 	/System/Library/Frameworks/Kerberos.framework/Versions/A/Libraries/libHeimdalProxy.dylib
0x00007ff8247b1000 	/System/Library/Frameworks/Network.framework/Versions/A/Network
0x00007ff829f8a000 	/usr/lib/libheimdal-asn1.dylib
0x00007ff82c75c000 	/System/Library/PrivateFrameworks/CommonAuth.framework/Versions/A/CommonAuth
0x00007ff82bfa4000 	/System/Library/PrivateFrameworks/AudioSession.framework/Versions/A/AudioSession
0x00007ff82a01a000 	/System/Library/PrivateFrameworks/MediaExperience.framework/Versions/A/MediaExperience
0x00007ff82be38000 	/System/Library/PrivateFrameworks/AudioSession.framework/libSessionUtility.dylib
0x00007ff82c3be000 	/System/Library/PrivateFrameworks/AudioResourceArbitration.framework/Versions/A/AudioResourceArbitration
0x00007ff829f93000 	/System/Library/PrivateFrameworks/IconFoundation.framework/Versions/A/IconFoundation
0x00007ff82f198000 	/System/Library/PrivateFrameworks/SpeechRecognitionCore.framework/Versions/A/SpeechRecognitionCore
0x000000010df66000 	/Users/gregsherman/Library/Java/JavaVirtualMachines/corretto-11.0.12/Contents/Home/lib/server/libjvm.dylib
0x000000010d27d000 	/Users/gregsherman/Library/Java/JavaVirtualMachines/corretto-11.0.12/Contents/Home/lib/libverify.dylib
0x000000010d2a5000 	/Users/gregsherman/Library/Java/JavaVirtualMachines/corretto-11.0.12/Contents/Home/lib/libjava.dylib
0x000000010d213000 	/Users/gregsherman/Library/Java/JavaVirtualMachines/corretto-11.0.12/Contents/Home/lib/libjimage.dylib
0x000000010d35f000 	/Users/gregsherman/Library/Java/JavaVirtualMachines/corretto-11.0.12/Contents/Home/lib/libzip.dylib
0x0000000134ce1000 	/Users/gregsherman/Library/Java/JavaVirtualMachines/corretto-11.0.12/Contents/Home/lib/libnio.dylib
0x0000000134d12000 	/Users/gregsherman/Library/Java/JavaVirtualMachines/corretto-11.0.12/Contents/Home/lib/libnet.dylib
0x00000001351a2000 	/Users/gregsherman/.openjfx/cache/17/libprism_es2.dylib
0x00007ff8208a9000 	/System/Library/PrivateFrameworks/CoreServicesInternal.framework/Versions/A/CoreServicesInternal
0x00007ffa36583000 	/System/Library/Frameworks/OpenGL.framework/Versions/A/Resources/GLEngine.bundle/GLEngine
0x00007ffa363e5000 	/System/Library/Frameworks/OpenGL.framework/Versions/A/Libraries/libGLProgrammability.dylib
0x00000001353b2000 	/System/Library/Extensions/AppleMetalOpenGLRenderer.bundle/Contents/MacOS/AppleMetalOpenGLRenderer
0x00007ffa36712000 	/System/Library/Frameworks/OpenGL.framework/Versions/A/Resources/GLRendererFloat.bundle/GLRendererFloat
0x00007ffa2c30a000 	/System/Library/Extensions/AGXMetalG13X.bundle/Contents/MacOS/AGXMetalG13X
0x00007ff923c4e000 	/System/Library/PrivateFrameworks/GPURawCounter.framework/Versions/A/GPURawCounter
0x00007ff91e7cb000 	/System/Library/PrivateFrameworks/IOGPU.framework/Versions/A/IOGPU
0x0000000135696000 	/Users/gregsherman/.openjfx/cache/17/libglass.dylib
0x00007ff830969000 	/System/Library/Frameworks/FileProvider.framework/Versions/A/FileProvider
0x00007ff824590000 	/System/Library/Frameworks/Accounts.framework/Versions/A/Accounts
0x00007ff830ae1000 	/System/Library/PrivateFrameworks/GenerationalStorage.framework/Versions/A/GenerationalStorage
0x00007ff8315ee000 	/System/Library/PrivateFrameworks/CoreSymbolication.framework/Versions/A/CoreSymbolication
0x00007ff83036d000 	/System/Library/PrivateFrameworks/SymptomDiagnosticReporter.framework/Versions/A/SymptomDiagnosticReporter
0x00007ff821b68000 	/System/Library/PrivateFrameworks/DesktopServicesPriv.framework/Versions/A/DesktopServicesPriv
0x00007ff8209ea000 	/usr/lib/libsandbox.1.dylib
0x00007ff825d5a000 	/System/Library/PrivateFrameworks/UserManagement.framework/Versions/A/UserManagement
0x00007ff8315b3000 	/System/Library/PrivateFrameworks/DebugSymbols.framework/Versions/A/DebugSymbols
0x00007ff82c39f000 	/System/Library/PrivateFrameworks/NetAuth.framework/Versions/A/NetAuth
0x00007ff82d28b000 	/System/Library/PrivateFrameworks/Sharing.framework/Versions/A/Sharing
0x00007ff825d2d000 	/System/Library/PrivateFrameworks/login.framework/Versions/A/Frameworks/loginsupport.framework/Versions/A/loginsupport
0x00007ff8326eb000 	/System/Library/PrivateFrameworks/Apple80211.framework/Versions/A/Apple80211
0x00007ff828f7c000 	/System/Library/PrivateFrameworks/AuthKit.framework/Versions/A/AuthKit
0x00007ff8285db000 	/System/Library/PrivateFrameworks/CoreUtils.framework/Versions/A/CoreUtils
0x00007ff828502000 	/System/Library/Frameworks/CoreWLAN.framework/Versions/A/CoreWLAN
0x00007ff82d3e6000 	/System/Library/Frameworks/IOBluetooth.framework/Versions/A/IOBluetooth
0x00007ff832753000 	/System/Library/PrivateFrameworks/CoreWiFi.framework/Versions/A/CoreWiFi
0x00007ff831188000 	/System/Library/PrivateFrameworks/FrontBoardServices.framework/Versions/A/FrontBoardServices
0x00007ff83121a000 	/System/Library/PrivateFrameworks/BoardServices.framework/Versions/A/BoardServices
0x00007ff8287f5000 	/System/Library/PrivateFrameworks/AssertionServices.framework/Versions/A/AssertionServices
0x00007ff8328d7000 	/System/Library/PrivateFrameworks/BackBoardServices.framework/Versions/A/BackBoardServices
0x00007ff82c7eb000 	/System/Library/PrivateFrameworks/CorePhoneNumbers.framework/Versions/A/CorePhoneNumbers
0x00007ff83048a000 	/System/Library/PrivateFrameworks/DiskManagement.framework/Versions/A/DiskManagement
0x00007ff83039e000 	/System/Library/PrivateFrameworks/AppleIDAuthSupport.framework/Versions/A/AppleIDAuthSupport
0x00007ffa3ceb6000 	/System/Library/PrivateFrameworks/AAAFoundation.framework/Versions/A/AAAFoundation
0x00007ff82c7cc000 	/System/Library/PrivateFrameworks/KeychainCircle.framework/Versions/A/KeychainCircle
0x00007ff830456000 	/System/Library/PrivateFrameworks/MediaKit.framework/Versions/A/MediaKit
0x00007ff8303aa000 	/System/Library/Frameworks/DiscRecording.framework/Versions/A/DiscRecording
0x00007ff829e98000 	/usr/lib/libCoreStorage.dylib
0x00007ff832bc4000 	/usr/lib/libcsfde.dylib
0x00007ff82d4b3000 	/System/Library/PrivateFrameworks/ProtectedCloudStorage.framework/Versions/A/ProtectedCloudStorage
0x00007ff832bc0000 	/System/Library/PrivateFrameworks/EFILogin.framework/Versions/A/EFILogin
0x00007ff830b07000 	/System/Library/PrivateFrameworks/OctagonTrust.framework/Versions/A/OctagonTrust
0x00007ffb2153d000 	/System/Library/PrivateFrameworks/CoreUtilsExtras.framework/Versions/A/CoreUtilsExtras
0x00007ff8302dd000 	/System/Library/Frameworks/CoreBluetooth.framework/Versions/A/CoreBluetooth
0x00007ff83323a000 	/System/Library/Frameworks/AudioUnit.framework/Versions/A/AudioUnit
0x00007ff829e90000 	/usr/lib/libMatch.1.dylib
0x00007ff928006000 	/System/Library/Frameworks/Accelerate.framework/Versions/A/Frameworks/vImage.framework/Versions/A/Libraries/libCGInterfaces.dylib
0x0000000136f52000 	/usr/lib/libobjc-trampolines.dylib
0x00007ff825a54000 	/System/Library/PrivateFrameworks/ViewBridge.framework/Versions/A/ViewBridge
0x00007ffb33e07000 	/usr/lib/libRosetta.dylib
0x0000000139029000 	/Users/gregsherman/.openjfx/cache/17/libjavafx_font.dylib
0x00007ff82a5ed000 	/System/Library/PrivateFrameworks/login.framework/Versions/A/login
0x000000013dd85000 	/Users/gregsherman/Library/Java/JavaVirtualMachines/corretto-11.0.12/Contents/Home/lib/libsunec.dylib
0x0000000145a20000 	/Users/gregsherman/Library/Java/JavaVirtualMachines/corretto-11.0.12/Contents/Home/lib/libawt.dylib
0x0000000145b6f000 	/Users/gregsherman/Library/Java/JavaVirtualMachines/corretto-11.0.12/Contents/Home/lib/libmlib_image.dylib
0x00007ffa3aebe000 	/System/Library/Frameworks/JavaRuntimeSupport.framework/Versions/A/JavaRuntimeSupport
0x00007ff922cf8000 	/System/Library/Frameworks/Carbon.framework/Versions/A/Carbon
0x00007ff836a4f000 	/System/Library/Frameworks/Carbon.framework/Versions/A/Frameworks/CommonPanels.framework/Versions/A/CommonPanels
0x00007ff832bbc000 	/System/Library/Frameworks/Carbon.framework/Versions/A/Frameworks/Help.framework/Versions/A/Help
0x00007ff836a53000 	/System/Library/Frameworks/Carbon.framework/Versions/A/Frameworks/ImageCapture.framework/Versions/A/ImageCapture
0x00007ff836a23000 	/System/Library/Frameworks/Carbon.framework/Versions/A/Frameworks/OpenScripting.framework/Versions/A/OpenScripting
0x00007ff836a4b000 	/System/Library/Frameworks/Carbon.framework/Versions/A/Frameworks/Ink.framework/Versions/A/Ink
0x00007ff922cf4000 	/System/Library/Frameworks/Carbon.framework/Versions/A/Frameworks/Print.framework/Versions/A/Print
0x00007ff836a47000 	/System/Library/Frameworks/Carbon.framework/Versions/A/Frameworks/SecurityHI.framework/Versions/A/SecurityHI
0x0000000145d2f000 	/Users/gregsherman/Library/Java/JavaVirtualMachines/corretto-11.0.12/Contents/Home/lib/libawt_lwawt.dylib
0x00000001459c5000 	/Users/gregsherman/Library/Java/JavaVirtualMachines/corretto-11.0.12/Contents/Home/lib/libosxapp.dylib
0x00007ff922159000 	/System/Library/Frameworks/ExceptionHandling.framework/Versions/A/ExceptionHandling
0x0000000145c5d000 	/Users/gregsherman/Library/Java/JavaVirtualMachines/corretto-11.0.12/Contents/Home/lib/libfontmanager.dylib
0x0000000146033000 	/Users/gregsherman/Library/Java/JavaVirtualMachines/corretto-11.0.12/Contents/Home/lib/libharfbuzz.dylib
0x0000000146244000 	/Users/gregsherman/Library/Java/JavaVirtualMachines/corretto-11.0.12/Contents/Home/lib/libfreetype.dylib
0x00007ffb1e9a5000 	/System/Library/PrivateFrameworks/CMPhoto.framework/Versions/A/CMPhoto
0x00007ff831489000 	/System/Library/PrivateFrameworks/AppleVPA.framework/Versions/A/AppleVPA
0x00007ff82b23d000 	/System/Library/Frameworks/MediaToolbox.framework/Versions/A/MediaToolbox
0x00007ff830939000 	/System/Library/PrivateFrameworks/CoreAVCHD.framework/Versions/A/CoreAVCHD
0x00007ff82f823000 	/System/Library/Frameworks/MediaAccessibility.framework/Versions/A/MediaAccessibility
0x00007ff830935000 	/System/Library/PrivateFrameworks/Mangrove.framework/Versions/A/Mangrove
0x00007ff82f82e000 	/System/Library/PrivateFrameworks/AlgosScoreFramework.framework/Versions/A/AlgosScoreFramework
0x00007ff83057a000 	/System/Library/PrivateFrameworks/CoreAUC.framework/Versions/A/CoreAUC


VM Arguments:
jvm_args: -Dfile.encoding=UTF-8 -Duser.country=CA -Duser.language=en -Duser.variant --module-path=/Users/gregsherman/Desktop/TextGameEngine/build/libs/TextGameEngine-1.0-SNAPSHOT.jar:/Users/gregsherman/Desktop/TextGameEngine/build/classes/java/main:/Users/gregsherman/.gradle/caches/modules-2/files-2.1/org.openjfx/javafx-fxml/17/54026a476bb95426e2e159bcf25bbf0832d2b7bf/javafx-fxml-17-mac.jar:/Users/gregsherman/.gradle/caches/modules-2/files-2.1/org.openjfx/javafx-controls/17/e73acf695ffccb4f904ff7b76de8999eefb547c2/javafx-controls-17-mac.jar:/Users/gregsherman/.gradle/caches/modules-2/files-2.1/org.openjfx/javafx-graphics/17/8b1d1124ce83e874db390016913fba7708f3592d/javafx-graphics-17-mac.jar:/Users/gregsherman/.gradle/caches/modules-2/files-2.1/org.openjfx/javafx-base/17/61d52392b063be78f7cc1b0fbfc04dda7a835a15/javafx-base-17-mac.jar:/Users/gregsherman/.gradle/caches/modules-2/files-2.1/org.apache.jena/jena-arq/4.2.0/60332dc3aac602745cb110622359318b6889ea07/jena-arq-4.2.0.jar:/Users/gregsherman/.gradle/caches/modules-2/files-2.1/org.apache.jena/jena-core/4.2.0/3f895f851c57491531e175d0af7b0055f4bd56d5/jena-core-4.2.0.jar:/Users/gregsherman/.gradle/caches/modules-2/files-2.1/org.apache.jena/jena-base/4.2.0/32bb47ad5c365fa43352ee2fd9763f0b0fab3da2/jena-base-4.2.0.jar:/Users/gregsherman/.gradle/caches/modules-2/files-2.1/org.apache.jena/jena-iri/4.2.0/c96831bffcb9279ddf881631e588d07f44cea512/jena-iri-4.2.0.jar:/Users/gregsherman/.gradle/caches/modules-2/files-2.1/org.apache.httpcomponents/httpclient-cache/4.5.13/4abee263cbc9edc12393212ca3a7c89af0755b1f/httpclient-cache-4.5.13.jar:/Users/gregsherman/.gradle/caches/modules-2/files-2.1/org.apache.thrift/libthrift/0.14.2/1dbe56c3123801f954cf8f1fd5b2f533bee459e4/libthrift-0.14.2.jar:/Users/gregsherman/.gradle/caches/modules-2/files-2.1/org.apache.httpcomponents/httpclient/4.5.13/e5f6cae5ca7ecaac1ec2827a9e2d65ae2869cada/httpclient-4.5.13.jar:/Users/gregsherman/.gradle/caches/modules-2/files-2.1/org.glassfish/jakarta.json/2.0.1/da6c75e591cf2a89ddc479cbdbd8fe5f41d3efc9/jakarta.json-2.0.1.jar:/Users/gregsherman-Djdk.module.main=TextGameEngine.main 
java_command: TextGameEngine.main/client.Main
java_class_path (initial): /Users/gregsherman/Desktop/TextGameEngine/build/resources/main:/Users/gregsherman/.gradle/caches/modules-2/files-2.1/org.openjfx/javafx-controls/17/7116001b777530c89e5c7381d39a2c9268f71e7e/javafx-controls-17.jar:/Users/gregsherman/.gradle/caches/modules-2/files-2.1/org.openjfx/javafx-graphics/17/616d987ba02a86196d7feca443677fff908d5737/javafx-graphics-17.jar:/Users/gregsherman/.gradle/caches/modules-2/files-2.1/org.openjfx/javafx-base/17/1e6732190939254735dc2a88eca88c5c7ccc719d/javafx-base-17.jar:/Users/gregsherman/.gradle/caches/modules-2/files-2.1/commons-cli/commons-cli/1.4/c51c00206bb913cd8612b24abd9fa98ae89719b1/commons-cli-1.4.jar:/Users/gregsherman/.gradle/caches/modules-2/files-2.1/com.github.jsonld-java/jsonld-java/0.13.3/526719022e1d534c3f05f587fcc2a5c6b41ba3a8/jsonld-java-0.13.3.jar:/Users/gregsherman/.gradle/caches/modules-2/files-2.1/com.apicatalog/titanium-json-ld/1.1.0/12bef0c5ed7aff3d1ad5e8e815d7611c440c1671/titanium-json-ld-1.1.0.jar:/Users/gregsherman/.gradle/caches/modules-2/files-2.1/org.apache.commons/commons-csv/1.9.0/b59d8f64cd0b83ee1c04ff1748de2504457018c1/commons-csv-1.9.0.jar:/Users/gregsherman/.gradle/caches/modules-2/files-2.1/com.github.andrewoma.dexx/collection/0.7/264efc08bdcd22126bd429aaea9efaf5158b2b90/collection-0.7.jar
Launcher Type: SUN_STANDARD

[Global flags]
     intx CICompilerCount                          = 4                                         {product} {ergonomic}
     uint ConcGCThreads                            = 2                                         {product} {ergonomic}
     uint G1ConcRefinementThreads                  = 9                                         {product} {ergonomic}
   size_t G1HeapRegionSize                         = 1048576                                   {product} {ergonomic}
    uintx GCDrainStackTargetSize                   = 64                                        {product} {ergonomic}
   size_t InitialHeapSize                          = 268435456                                 {product} {ergonomic}
   size_t MarkStackSize                            = 4194304                                   {product} {ergonomic}
   size_t MaxHeapSize                              = 4294967296                                {product} {ergonomic}
   size_t MaxNewSize                               = 2576351232                                {product} {ergonomic}
   size_t MinHeapDeltaBytes                        = 1048576                                   {product} {ergonomic}
    uintx NonNMethodCodeHeapSize                   = 5836300                                {pd product} {ergonomic}
    uintx NonProfiledCodeHeapSize                  = 122910970                              {pd product} {ergonomic}
    uintx ProfiledCodeHeapSize                     = 122910970                              {pd product} {ergonomic}
    uintx ReservedCodeCacheSize                    = 251658240                              {pd product} {ergonomic}
     bool SegmentedCodeCache                       = true                                      {product} {ergonomic}
     bool UseCompressedClassPointers               = true                                 {lp64_product} {ergonomic}
     bool UseCompressedOops                        = true                                 {lp64_product} {ergonomic}
     bool UseG1GC                                  = true                                      {product} {ergonomic}

Logging:
Log output configuration:
 #0: stdout all=warning uptime,level,tags
 #1: stderr all=off uptime,level,tags

Environment Variables:
PATH=/Library/Frameworks/Python.framework/Versions/3.10/bin:/opt/homebrew/bin:/opt/homebrew/sbin:/usr/local/bin:/usr/bin:/bin:/usr/sbin:/sbin:/Library/TeX/texbin:/opt/X11/bin
SHELL=/bin/zsh
DISPLAY=/private/tmp/com.apple.launchd.O2mqwDvp4a/org.xquartz:0
LC_CTYPE=en_CA.UTF-8

Signal Handlers:
SIGSEGV: [libjvm.dylib+0x79f160], sa_mask[0]=11111111111111111111111111111111, sa_flags=SA_ONSTACK|SA_RESTART|SA_SIGINFO
SIGBUS: [libjvm.dylib+0x79f160], sa_mask[0]=11111111111111111111111111111111, sa_flags=SA_RESTART|SA_SIGINFO
SIGFPE: [libjvm.dylib+0x79f160], sa_mask[0]=11111111111111111111111111111111, sa_flags=SA_RESTART|SA_SIGINFO
SIGPIPE: [libjvm.dylib+0x60c849], sa_mask[0]=11111111111111111111111111111111, sa_flags=SA_RESTART|SA_SIGINFO
SIGXFSZ: [libjvm.dylib+0x60c849], sa_mask[0]=11111111111111111111111111111111, sa_flags=SA_RESTART|SA_SIGINFO
SIGILL: [libjvm.dylib+0x79f160], sa_mask[0]=11111111111111111111111111111111, sa_flags=SA_RESTART|SA_SIGINFO
SIGUSR2: [libjvm.dylib+0x60ce28], sa_mask[0]=00100000000000000000000000000000, sa_flags=SA_RESTART|SA_SIGINFO
SIGHUP: [libjvm.dylib+0x60b9d9], sa_mask[0]=11111111111111111111111111111111, sa_flags=SA_RESTART|SA_SIGINFO
SIGINT: [libjvm.dylib+0x60b9d9], sa_mask[0]=11111111111111111111111111111111, sa_flags=SA_RESTART|SA_SIGINFO
SIGTERM: [libjvm.dylib+0x60b9d9], sa_mask[0]=11111111111111111111111111111111, sa_flags=SA_RESTART|SA_SIGINFO
SIGQUIT: [libjvm.dylib+0x60b9d9], sa_mask[0]=11111111111111111111111111111111, sa_flags=SA_RESTART|SA_SIGINFO


---------------  S Y S T E M  ---------------

OS:uname:Darwin 21.1.0 Darwin Kernel Version 21.1.0: Wed Oct 13 17:33:01 PDT 2021; root:xnu-8019.41.5~1/RELEASE_ARM64_T6000 x86_64
OS uptime: 5 days 5:46 hours
rlimit (soft/hard): STACK 8176k/65520k , CORE 0k/infinity , NPROC 2666/4000 , NOFILE 10240/infinity , AS infinity/infinity , CPU infinity/infinity , DATA infinity/infinity , FSIZE infinity/infinity , MEMLOCK infinity/infinity , RSS infinity/infinity
load average:2.43 3.23 3.39

CPU:total 10 (initial active 10) (1 cores per cpu, 1 threads per core) family 6 model 44 stepping 0 microcode 0x0, cmov, cx8, fxsr, mmx, sse, sse2, sse3, ssse3, sse4.1, sse4.2, popcnt, aes, clmul, tsc, tscinvbit, tscinv

Memory: 4k page, physical 16777216k(41040k free), swap 2097152k(1451776k free)

vm_info: OpenJDK 64-Bit Server VM (11.0.12+7-LTS) for bsd-amd64 JRE (11.0.12+7-LTS), built on Jul 17 2021 00:13:48 by "ec2user" with clang Apple LLVM 12.0.5 (clang-1205.0.22.9)

END.
